app/build/outputs/logs/manifest-merger-debug-report.txt
-- Merging decision tree log ---
manifest
ADDED from src\main\AndroidManifest.xml:2:1-43:12
INJECTED from src\main\AndroidManifest.xml:2:1-43:12
INJECTED from src\main\AndroidManifest.xml:2:1-43:12
INJECTED from src\main\AndroidManifest.xml:2:1-43:12
INJECTED from src\main\AndroidManifest.xml:2:1-43:12
INJECTED from src\main\AndroidManifest.xml:2:1-43:12
INJECTED from src\main\AndroidManifest.xml:2:1-43:12
	package
		ADDED from src\main\AndroidManifest.xml:3:5-32
		INJECTED from src\main\AndroidManifest.xml
		INJECTED from src\main\AndroidManifest.xml
	android:versionName
		ADDED from src\main\AndroidManifest.xml:5:5-30
		INJECTED from src\main\AndroidManifest.xml
		INJECTED from src\main\AndroidManifest.xml
	xmlns:android
		ADDED from src\main\AndroidManifest.xml:2:11-69
	android:versionCode
		ADDED from src\main\AndroidManifest.xml:4:5-28
		INJECTED from src\main\AndroidManifest.xml
		INJECTED from src\main\AndroidManifest.xml
uses-sdk
ADDED from src\main\AndroidManifest.xml:7:5-9:41
INJECTED from src\main\AndroidManifest.xml:7:5-9:41
INJECTED from src\main\AndroidManifest.xml:7:5-9:41
INJECTED from src\main\AndroidManifest.xml:7:5-9:41
INJECTED from src\main\AndroidManifest.xml:7:5-9:41
	android:targetSdkVersion
		ADDED from src\main\AndroidManifest.xml:9:9-38
		INJECTED from src\main\AndroidManifest.xml
		INJECTED from src\main\AndroidManifest.xml
	android:minSdkVersion
		ADDED from src\main\AndroidManifest.xml:8:9-35
		INJECTED from src\main\AndroidManifest.xml
		INJECTED from src\main\AndroidManifest.xml
application
ADDED from src\main\AndroidManifest.xml:11:5-36:19
	android:label
		ADDED from src\main\AndroidManifest.xml:14:9-41
	android:icon
		ADDED from src\main\AndroidManifest.xml:13:9-45
	android:allowBackup
		ADDED from src\main\AndroidManifest.xml:12:9-35
	android:theme
		ADDED from src\main\AndroidManifest.xml:15:9-45
activity#com.example.notes.MainActivity
ADDED from src\main\AndroidManifest.xml:16:9-24:20
	android:label
		ADDED from src\main\AndroidManifest.xml:18:13-45
	android:name
		ADDED from src\main\AndroidManifest.xml:17:13-41
intent-filter#android.intent.action.MAIN+android.intent.category.LAUNCHER
ADDED from src\main\AndroidManifest.xml:19:13-23:29
action#android.intent.action.MAIN
ADDED from src\main\AndroidManifest.xml:20:17-69
	android:name
		ADDED from src\main\AndroidManifest.xml:20:25-66
category#android.intent.category.LAUNCHER
ADDED from src\main\AndroidManifest.xml:22:17-77
	android:name
		ADDED from src\main\AndroidManifest.xml:22:27-74
activity#com.example.notes.AddActivity
ADDED from src\main\AndroidManifest.xml:25:9-27:25
	android:windowSoftInputMode
		ADDED from src\main\AndroidManifest.xml:26:13-54
	android:name
		ADDED from src\main\AndroidManifest.xml:25:19-63
activity#com.example.notes.ShowPicture
ADDED from src\main\AndroidManifest.xml:28:9-75
	android:name
		ADDED from src\main\AndroidManifest.xml:28:19-63
activity#com.example.notes.ShowRecord
ADDED from src\main\AndroidManifest.xml:29:9-74
	android:name
		ADDED from src\main\AndroidManifest.xml:29:19-62
activity#com.example.notes.ShowNoteActivity
ADDED from src\main\AndroidManifest.xml:30:9-80
	android:name
		ADDED from src\main\AndroidManifest.xml:30:19-68
activity#com.example.notes.PaintActivity
ADDED from src\main\AndroidManifest.xml:31:9-77
	android:name
		ADDED from src\main\AndroidManifest.xml:31:19-65
activity#com.example.notes.ActivityRecord
ADDED from src\main\AndroidManifest.xml:32:9-78
	android:name
		ADDED from src\main\AndroidManifest.xml:32:19-66
activity#com.example.notes.HandWriteActivity
ADDED from src\main\AndroidManifest.xml:33:9-35:25
	android:windowSoftInputMode
		ADDED from src\main\AndroidManifest.xml:34:14-55
	android:name
		ADDED from src\main\AndroidManifest.xml:33:19-69
uses-permission#android.permission.CAMERA
ADDED from src\main\AndroidManifest.xml:37:2-61
	android:name
		ADDED from src\main\AndroidManifest.xml:37:19-59
uses-permission#android.permission.WRITE_EXTERNAL_STORAGE
ADDED from src\main\AndroidManifest.xml:39:2-77
	android:name
		ADDED from src\main\AndroidManifest.xml:39:19-75
uses-permission#android.permission.RECORD_AUDIO
ADDED from src\main\AndroidManifest.xml:40:2-67
	android:name
		ADDED from src\main\AndroidManifest.xml:40:19-65
uses-feature#android.hardware.camera
ADDED from src\main\AndroidManifest.xml:41:2-56
	android:name
		ADDED from src\main\AndroidManifest.xml:41:16-54
uses-feature#android.hardware.camera.autofocus
ADDED from src\main\AndroidManifest.xml:42:2-92
	android:required
		ADDED from src\main\AndroidManifest.xml:42:65-89
	android:name
		ADDED from src\main\AndroidManifest.xml:42:16-64